<?xml version="1.0" encoding="UTF-8"?>
<!-- Generated by org.testng.reporters.JUnitXMLReporter -->
<testsuite hostname="DESKTOP-P12432T" ignored="0" name="Default test" tests="5" failures="0" timestamp="18 May 2019 19:03:00 GMT" time="3.714" errors="0">
  <testcase name="postNewEmployees" time="1.774" classname="DataDrivenTestingNew.DataDrivenTest_AddNewEmployees"/>
  <testcase name="postNewEmployees" time="0.229" classname="DataDrivenTestingNew.DataDrivenTest_AddNewEmployees"/>
  <testcase name="postNewEmployees" time="0.236" classname="DataDrivenTestingNew.DataDrivenTest_AddNewEmployees"/>
  <testcase name="postNewEmployees" time="0.25" classname="DataDrivenTestingNew.DataDrivenTest_AddNewEmployees"/>
  <testcase name="postNewEmployees" time="0.245" classname="DataDrivenTestingNew.DataDrivenTest_AddNewEmployees"/>
</testsuite> <!-- Default test -->
