<?xml version="1.0" encoding="UTF-8"?>
<testng-results skipped="0" failed="1" ignored="0" total="34" passed="33">
  <reporter-output>
  </reporter-output>
  <suite name="Suite" duration-ms="22962" started-at="2019-05-19T20:29:37Z" finished-at="2019-05-19T20:30:00Z">
    <groups>
    </groups>
    <test name="EmployeesRestAPITest" duration-ms="22962" started-at="2019-05-19T20:29:37Z" finished-at="2019-05-19T20:30:00Z">
      <class name="com.TestCases.TC004_Put_Employee_Record">
        <test-method status="PASS" signature="setup()[pri:0, instance:com.TestCases.TC004_Put_Employee_Record@6d4b1c02]" name="setup" is-config="true" duration-ms="3" started-at="2019-05-19T20:29:50Z" finished-at="2019-05-19T20:29:50Z">
          <reporter-output>
          </reporter-output>
        </test-method> <!-- setup -->
        <test-method status="PASS" signature="updateEmployee()[pri:0, instance:com.TestCases.TC004_Put_Employee_Record@6d4b1c02]" name="updateEmployee" is-config="true" duration-ms="5279" started-at="2019-05-19T20:29:50Z" finished-at="2019-05-19T20:29:56Z">
          <reporter-output>
          </reporter-output>
        </test-method> <!-- updateEmployee -->
        <test-method status="PASS" signature="checkContentType()[pri:0, instance:com.TestCases.TC004_Put_Employee_Record@6d4b1c02]" name="checkContentType" duration-ms="3" started-at="2019-05-19T20:29:56Z" finished-at="2019-05-19T20:29:56Z">
          <reporter-output>
          </reporter-output>
        </test-method> <!-- checkContentType -->
        <test-method status="PASS" signature="checkResposeBody()[pri:0, instance:com.TestCases.TC004_Put_Employee_Record@6d4b1c02]" name="checkResposeBody" duration-ms="4" started-at="2019-05-19T20:29:56Z" finished-at="2019-05-19T20:29:56Z">
          <reporter-output>
          </reporter-output>
        </test-method> <!-- checkResposeBody -->
        <test-method status="PASS" signature="checkStatusCode()[pri:0, instance:com.TestCases.TC004_Put_Employee_Record@6d4b1c02]" name="checkStatusCode" duration-ms="13" started-at="2019-05-19T20:29:56Z" finished-at="2019-05-19T20:29:56Z">
          <reporter-output>
          </reporter-output>
        </test-method> <!-- checkStatusCode -->
        <test-method status="PASS" signature="checkcontentEncoding()[pri:0, instance:com.TestCases.TC004_Put_Employee_Record@6d4b1c02]" name="checkcontentEncoding" duration-ms="2" started-at="2019-05-19T20:29:56Z" finished-at="2019-05-19T20:29:56Z">
          <reporter-output>
          </reporter-output>
        </test-method> <!-- checkcontentEncoding -->
        <test-method status="PASS" signature="checkserverType()[pri:0, instance:com.TestCases.TC004_Put_Employee_Record@6d4b1c02]" name="checkserverType" duration-ms="1" started-at="2019-05-19T20:29:56Z" finished-at="2019-05-19T20:29:56Z">
          <reporter-output>
          </reporter-output>
        </test-method> <!-- checkserverType -->
        <test-method status="PASS" signature="checkstatusLine()[pri:0, instance:com.TestCases.TC004_Put_Employee_Record@6d4b1c02]" name="checkstatusLine" duration-ms="2" started-at="2019-05-19T20:29:56Z" finished-at="2019-05-19T20:29:56Z">
          <reporter-output>
          </reporter-output>
        </test-method> <!-- checkstatusLine -->
        <test-method status="PASS" signature="tearDown()[pri:0, instance:com.TestCases.TC004_Put_Employee_Record@6d4b1c02]" name="tearDown" is-config="true" duration-ms="2" started-at="2019-05-19T20:29:56Z" finished-at="2019-05-19T20:29:56Z">
          <reporter-output>
          </reporter-output>
        </test-method> <!-- tearDown -->
      </class> <!-- com.TestCases.TC004_Put_Employee_Record -->
      <class name="com.TestCases.TC002_Get_Single_Employee_Record">
        <test-method status="PASS" signature="setup()[pri:0, instance:com.TestCases.TC002_Get_Single_Employee_Record@6a41eaa2]" name="setup" is-config="true" duration-ms="5" started-at="2019-05-19T20:29:39Z" finished-at="2019-05-19T20:29:39Z">
          <reporter-output>
          </reporter-output>
        </test-method> <!-- setup -->
        <test-method status="PASS" signature="getEmployeeData()[pri:0, instance:com.TestCases.TC002_Get_Single_Employee_Record@6a41eaa2]" name="getEmployeeData" is-config="true" duration-ms="5382" started-at="2019-05-19T20:29:39Z" finished-at="2019-05-19T20:29:45Z">
          <reporter-output>
          </reporter-output>
        </test-method> <!-- getEmployeeData -->
        <test-method status="PASS" signature="checkContentLenght()[pri:0, instance:com.TestCases.TC002_Get_Single_Employee_Record@6a41eaa2]" name="checkContentLenght" duration-ms="1" started-at="2019-05-19T20:29:45Z" finished-at="2019-05-19T20:29:45Z">
          <reporter-output>
          </reporter-output>
        </test-method> <!-- checkContentLenght -->
        <test-method status="PASS" signature="checkContentType()[pri:0, instance:com.TestCases.TC002_Get_Single_Employee_Record@6a41eaa2]" name="checkContentType" duration-ms="1" started-at="2019-05-19T20:29:45Z" finished-at="2019-05-19T20:29:45Z">
          <reporter-output>
          </reporter-output>
        </test-method> <!-- checkContentType -->
        <test-method status="PASS" signature="checkResponseTime()[pri:0, instance:com.TestCases.TC002_Get_Single_Employee_Record@6a41eaa2]" name="checkResponseTime" duration-ms="1" started-at="2019-05-19T20:29:45Z" finished-at="2019-05-19T20:29:45Z">
          <reporter-output>
          </reporter-output>
        </test-method> <!-- checkResponseTime -->
        <test-method status="FAIL" signature="checkResposeBody()[pri:0, instance:com.TestCases.TC002_Get_Single_Employee_Record@6a41eaa2]" name="checkResposeBody" duration-ms="1" started-at="2019-05-19T20:29:45Z" finished-at="2019-05-19T20:29:45Z">
          <exception class="java.lang.AssertionError">
            <message>
              <![CDATA[expected [true] but found [false]]]>
            </message>
            <full-stacktrace>
              <![CDATA[java.lang.AssertionError: expected [true] but found [false]
at org.testng.Assert.fail(Assert.java:96)
at org.testng.Assert.failNotEquals(Assert.java:776)
at org.testng.Assert.assertEqualsImpl(Assert.java:137)
at org.testng.Assert.assertEquals(Assert.java:118)
at org.testng.Assert.assertEquals(Assert.java:568)
at org.testng.Assert.assertEquals(Assert.java:578)
at com.TestCases.TC002_Get_Single_Employee_Record.checkResposeBody(TC002_Get_Single_Employee_Record.java:51)
at sun.reflect.NativeMethodAccessorImpl.invoke0(Native Method)
at sun.reflect.NativeMethodAccessorImpl.invoke(NativeMethodAccessorImpl.java:62)
at sun.reflect.DelegatingMethodAccessorImpl.invoke(DelegatingMethodAccessorImpl.java:43)
at java.lang.reflect.Method.invoke(Method.java:498)
at org.testng.internal.MethodInvocationHelper.invokeMethod(MethodInvocationHelper.java:124)
at org.testng.internal.Invoker.invokeMethod(Invoker.java:583)
at org.testng.internal.Invoker.invokeTestMethod(Invoker.java:719)
at org.testng.internal.Invoker.invokeTestMethods(Invoker.java:989)
at org.testng.internal.TestMethodWorker.invokeTestMethods(TestMethodWorker.java:125)
at org.testng.internal.TestMethodWorker.run(TestMethodWorker.java:109)
at org.testng.TestRunner.privateRun(TestRunner.java:648)
at org.testng.TestRunner.run(TestRunner.java:505)
at org.testng.SuiteRunner.runTest(SuiteRunner.java:455)
at org.testng.SuiteRunner.runSequentially(SuiteRunner.java:450)
at org.testng.SuiteRunner.privateRun(SuiteRunner.java:415)
at org.testng.SuiteRunner.run(SuiteRunner.java:364)
at org.testng.SuiteRunnerWorker.runSuite(SuiteRunnerWorker.java:52)
at org.testng.SuiteRunnerWorker.run(SuiteRunnerWorker.java:84)
at org.testng.TestNG.runSuitesSequentially(TestNG.java:1208)
at org.testng.TestNG.runSuitesLocally(TestNG.java:1137)
at org.testng.TestNG.runSuites(TestNG.java:1049)
at org.testng.TestNG.run(TestNG.java:1017)
at org.testng.remote.AbstractRemoteTestNG.run(AbstractRemoteTestNG.java:115)
at org.testng.remote.RemoteTestNG.initAndRun(RemoteTestNG.java:251)
at org.testng.remote.RemoteTestNG.main(RemoteTestNG.java:77)
]]>
            </full-stacktrace>
          </exception> <!-- java.lang.AssertionError -->
          <reporter-output>
          </reporter-output>
        </test-method> <!-- checkResposeBody -->
        <test-method status="PASS" signature="checkStatusCode()[pri:0, instance:com.TestCases.TC002_Get_Single_Employee_Record@6a41eaa2]" name="checkStatusCode" duration-ms="1" started-at="2019-05-19T20:29:45Z" finished-at="2019-05-19T20:29:45Z">
          <reporter-output>
          </reporter-output>
        </test-method> <!-- checkStatusCode -->
        <test-method status="PASS" signature="checkserverType()[pri:0, instance:com.TestCases.TC002_Get_Single_Employee_Record@6a41eaa2]" name="checkserverType" duration-ms="0" started-at="2019-05-19T20:29:45Z" finished-at="2019-05-19T20:29:45Z">
          <reporter-output>
          </reporter-output>
        </test-method> <!-- checkserverType -->
        <test-method status="PASS" signature="checkstatusLine()[pri:0, instance:com.TestCases.TC002_Get_Single_Employee_Record@6a41eaa2]" name="checkstatusLine" duration-ms="0" started-at="2019-05-19T20:29:45Z" finished-at="2019-05-19T20:29:45Z">
          <reporter-output>
          </reporter-output>
        </test-method> <!-- checkstatusLine -->
        <test-method status="PASS" signature="tearDown()[pri:0, instance:com.TestCases.TC002_Get_Single_Employee_Record@6a41eaa2]" name="tearDown" is-config="true" duration-ms="1" started-at="2019-05-19T20:29:45Z" finished-at="2019-05-19T20:29:45Z">
          <reporter-output>
          </reporter-output>
        </test-method> <!-- tearDown -->
      </class> <!-- com.TestCases.TC002_Get_Single_Employee_Record -->
      <class name="com.TestCases.TC003_Post_Employee_Record">
        <test-method status="PASS" signature="setup()[pri:0, instance:com.TestCases.TC003_Post_Employee_Record@7cd62f43]" name="setup" is-config="true" duration-ms="3" started-at="2019-05-19T20:29:45Z" finished-at="2019-05-19T20:29:45Z">
          <reporter-output>
          </reporter-output>
        </test-method> <!-- setup -->
        <test-method status="PASS" signature="createEmployee()[pri:0, instance:com.TestCases.TC003_Post_Employee_Record@7cd62f43]" name="createEmployee" is-config="true" duration-ms="5358" started-at="2019-05-19T20:29:45Z" finished-at="2019-05-19T20:29:50Z">
          <reporter-output>
          </reporter-output>
        </test-method> <!-- createEmployee -->
        <test-method status="PASS" signature="checkContentType()[pri:0, instance:com.TestCases.TC003_Post_Employee_Record@7cd62f43]" name="checkContentType" duration-ms="3" started-at="2019-05-19T20:29:50Z" finished-at="2019-05-19T20:29:50Z">
          <reporter-output>
          </reporter-output>
        </test-method> <!-- checkContentType -->
        <test-method status="PASS" signature="checkResposeBody()[pri:0, instance:com.TestCases.TC003_Post_Employee_Record@7cd62f43]" name="checkResposeBody" duration-ms="4" started-at="2019-05-19T20:29:50Z" finished-at="2019-05-19T20:29:50Z">
          <reporter-output>
          </reporter-output>
        </test-method> <!-- checkResposeBody -->
        <test-method status="PASS" signature="checkStatusCode()[pri:0, instance:com.TestCases.TC003_Post_Employee_Record@7cd62f43]" name="checkStatusCode" duration-ms="3" started-at="2019-05-19T20:29:50Z" finished-at="2019-05-19T20:29:50Z">
          <reporter-output>
          </reporter-output>
        </test-method> <!-- checkStatusCode -->
        <test-method status="PASS" signature="checkcontentEncoding()[pri:0, instance:com.TestCases.TC003_Post_Employee_Record@7cd62f43]" name="checkcontentEncoding" duration-ms="1" started-at="2019-05-19T20:29:50Z" finished-at="2019-05-19T20:29:50Z">
          <reporter-output>
          </reporter-output>
        </test-method> <!-- checkcontentEncoding -->
        <test-method status="PASS" signature="checkserverType()[pri:0, instance:com.TestCases.TC003_Post_Employee_Record@7cd62f43]" name="checkserverType" duration-ms="1" started-at="2019-05-19T20:29:50Z" finished-at="2019-05-19T20:29:50Z">
          <reporter-output>
          </reporter-output>
        </test-method> <!-- checkserverType -->
        <test-method status="PASS" signature="checkstatusLine()[pri:0, instance:com.TestCases.TC003_Post_Employee_Record@7cd62f43]" name="checkstatusLine" duration-ms="4" started-at="2019-05-19T20:29:50Z" finished-at="2019-05-19T20:29:50Z">
          <reporter-output>
          </reporter-output>
        </test-method> <!-- checkstatusLine -->
        <test-method status="PASS" signature="tearDown()[pri:0, instance:com.TestCases.TC003_Post_Employee_Record@7cd62f43]" name="tearDown" is-config="true" duration-ms="2" started-at="2019-05-19T20:29:50Z" finished-at="2019-05-19T20:29:50Z">
          <reporter-output>
          </reporter-output>
        </test-method> <!-- tearDown -->
      </class> <!-- com.TestCases.TC003_Post_Employee_Record -->
      <class name="com.TestCases.TC001_Get_All_Employees">
        <test-method status="PASS" signature="setup()[pri:0, instance:com.TestCases.TC001_Get_All_Employees@685cb137]" name="setup" is-config="true" duration-ms="39" started-at="2019-05-19T20:29:37Z" finished-at="2019-05-19T20:29:37Z">
          <reporter-output>
          </reporter-output>
        </test-method> <!-- setup -->
        <test-method status="PASS" signature="getAllEmployees()[pri:0, instance:com.TestCases.TC001_Get_All_Employees@685cb137]" name="getAllEmployees" is-config="true" duration-ms="1994" started-at="2019-05-19T20:29:37Z" finished-at="2019-05-19T20:29:39Z">
          <reporter-output>
          </reporter-output>
        </test-method> <!-- getAllEmployees -->
        <test-method status="PASS" signature="checkContentLenght()[pri:0, instance:com.TestCases.TC001_Get_All_Employees@685cb137]" name="checkContentLenght" duration-ms="12" started-at="2019-05-19T20:29:39Z" finished-at="2019-05-19T20:29:39Z">
          <reporter-output>
          </reporter-output>
        </test-method> <!-- checkContentLenght -->
        <test-method status="PASS" signature="checkContentType()[pri:0, instance:com.TestCases.TC001_Get_All_Employees@685cb137]" name="checkContentType" duration-ms="5" started-at="2019-05-19T20:29:39Z" finished-at="2019-05-19T20:29:39Z">
          <reporter-output>
          </reporter-output>
        </test-method> <!-- checkContentType -->
        <test-method status="PASS" signature="checkCookies()[pri:0, instance:com.TestCases.TC001_Get_All_Employees@685cb137]" name="checkCookies" duration-ms="3" started-at="2019-05-19T20:29:39Z" finished-at="2019-05-19T20:29:39Z">
          <reporter-output>
          </reporter-output>
        </test-method> <!-- checkCookies -->
        <test-method status="PASS" signature="checkResponseTime()[pri:0, instance:com.TestCases.TC001_Get_All_Employees@685cb137]" name="checkResponseTime" duration-ms="3" started-at="2019-05-19T20:29:39Z" finished-at="2019-05-19T20:29:39Z">
          <reporter-output>
          </reporter-output>
        </test-method> <!-- checkResponseTime -->
        <test-method status="PASS" signature="checkResposeBody()[pri:0, instance:com.TestCases.TC001_Get_All_Employees@685cb137]" name="checkResposeBody" duration-ms="28" started-at="2019-05-19T20:29:39Z" finished-at="2019-05-19T20:29:39Z">
          <reporter-output>
          </reporter-output>
        </test-method> <!-- checkResposeBody -->
        <test-method status="PASS" signature="checkStatusCode()[pri:0, instance:com.TestCases.TC001_Get_All_Employees@685cb137]" name="checkStatusCode" duration-ms="3" started-at="2019-05-19T20:29:39Z" finished-at="2019-05-19T20:29:39Z">
          <reporter-output>
          </reporter-output>
        </test-method> <!-- checkStatusCode -->
        <test-method status="PASS" signature="checkcontentEncoding()[pri:0, instance:com.TestCases.TC001_Get_All_Employees@685cb137]" name="checkcontentEncoding" duration-ms="2" started-at="2019-05-19T20:29:39Z" finished-at="2019-05-19T20:29:39Z">
          <reporter-output>
          </reporter-output>
        </test-method> <!-- checkcontentEncoding -->
        <test-method status="PASS" signature="checkserverType()[pri:0, instance:com.TestCases.TC001_Get_All_Employees@685cb137]" name="checkserverType" duration-ms="10" started-at="2019-05-19T20:29:39Z" finished-at="2019-05-19T20:29:39Z">
          <reporter-output>
          </reporter-output>
        </test-method> <!-- checkserverType -->
        <test-method status="PASS" signature="checkstatusLine()[pri:0, instance:com.TestCases.TC001_Get_All_Employees@685cb137]" name="checkstatusLine" duration-ms="2" started-at="2019-05-19T20:29:39Z" finished-at="2019-05-19T20:29:39Z">
          <reporter-output>
          </reporter-output>
        </test-method> <!-- checkstatusLine -->
        <test-method status="PASS" signature="tearDown()[pri:0, instance:com.TestCases.TC001_Get_All_Employees@685cb137]" name="tearDown" is-config="true" duration-ms="1" started-at="2019-05-19T20:29:39Z" finished-at="2019-05-19T20:29:39Z">
          <reporter-output>
          </reporter-output>
        </test-method> <!-- tearDown -->
      </class> <!-- com.TestCases.TC001_Get_All_Employees -->
      <class name="com.TestCases.TC005_Delete_Employee_Record">
        <test-method status="PASS" signature="setup()[pri:0, instance:com.TestCases.TC005_Delete_Employee_Record@6093dd95]" name="setup" is-config="true" duration-ms="4" started-at="2019-05-19T20:29:56Z" finished-at="2019-05-19T20:29:56Z">
          <reporter-output>
          </reporter-output>
        </test-method> <!-- setup -->
        <test-method status="PASS" signature="deleteEmployee()[pri:0, instance:com.TestCases.TC005_Delete_Employee_Record@6093dd95]" name="deleteEmployee" is-config="true" duration-ms="4221" started-at="2019-05-19T20:29:56Z" finished-at="2019-05-19T20:30:00Z">
          <reporter-output>
          </reporter-output>
        </test-method> <!-- deleteEmployee -->
        <test-method status="PASS" signature="checkContentType()[pri:0, instance:com.TestCases.TC005_Delete_Employee_Record@6093dd95]" name="checkContentType" duration-ms="3" started-at="2019-05-19T20:30:00Z" finished-at="2019-05-19T20:30:00Z">
          <reporter-output>
          </reporter-output>
        </test-method> <!-- checkContentType -->
        <test-method status="PASS" signature="checkResposeBody()[pri:0, instance:com.TestCases.TC005_Delete_Employee_Record@6093dd95]" name="checkResposeBody" duration-ms="5" started-at="2019-05-19T20:30:00Z" finished-at="2019-05-19T20:30:00Z">
          <reporter-output>
          </reporter-output>
        </test-method> <!-- checkResposeBody -->
        <test-method status="PASS" signature="checkStatusCode()[pri:0, instance:com.TestCases.TC005_Delete_Employee_Record@6093dd95]" name="checkStatusCode" duration-ms="2" started-at="2019-05-19T20:30:00Z" finished-at="2019-05-19T20:30:00Z">
          <reporter-output>
          </reporter-output>
        </test-method> <!-- checkStatusCode -->
        <test-method status="PASS" signature="checkcontentEncoding()[pri:0, instance:com.TestCases.TC005_Delete_Employee_Record@6093dd95]" name="checkcontentEncoding" duration-ms="2" started-at="2019-05-19T20:30:00Z" finished-at="2019-05-19T20:30:00Z">
          <reporter-output>
          </reporter-output>
        </test-method> <!-- checkcontentEncoding -->
        <test-method status="PASS" signature="checkserverType()[pri:0, instance:com.TestCases.TC005_Delete_Employee_Record@6093dd95]" name="checkserverType" duration-ms="2" started-at="2019-05-19T20:30:00Z" finished-at="2019-05-19T20:30:00Z">
          <reporter-output>
          </reporter-output>
        </test-method> <!-- checkserverType -->
        <test-method status="PASS" signature="checkstatusLine()[pri:0, instance:com.TestCases.TC005_Delete_Employee_Record@6093dd95]" name="checkstatusLine" duration-ms="1" started-at="2019-05-19T20:30:00Z" finished-at="2019-05-19T20:30:00Z">
          <reporter-output>
          </reporter-output>
        </test-method> <!-- checkstatusLine -->
        <test-method status="PASS" signature="tearDown()[pri:0, instance:com.TestCases.TC005_Delete_Employee_Record@6093dd95]" name="tearDown" is-config="true" duration-ms="3" started-at="2019-05-19T20:30:00Z" finished-at="2019-05-19T20:30:00Z">
          <reporter-output>
          </reporter-output>
        </test-method> <!-- tearDown -->
      </class> <!-- com.TestCases.TC005_Delete_Employee_Record -->
    </test> <!-- EmployeesRestAPITest -->
  </suite> <!-- Suite -->
</testng-results>
