<?xml version="1.0" encoding="UTF-8"?>
<!-- Generated by org.testng.reporters.JUnitXMLReporter -->
<testsuite hostname="DESKTOP-P12432T" ignored="0" name="EmployeesRestAPITest" tests="34" failures="1" timestamp="19 May 2019 20:30:00 GMT" time="22.962" errors="0">
  <testcase name="checkContentLenght" time="0.012" classname="com.TestCases.TC001_Get_All_Employees"/>
  <testcase name="checkContentType" time="0.005" classname="com.TestCases.TC001_Get_All_Employees"/>
  <testcase name="checkCookies" time="0.003" classname="com.TestCases.TC001_Get_All_Employees"/>
  <testcase name="checkResponseTime" time="0.003" classname="com.TestCases.TC001_Get_All_Employees"/>
  <testcase name="checkResposeBody" time="0.028" classname="com.TestCases.TC001_Get_All_Employees"/>
  <testcase name="checkStatusCode" time="0.003" classname="com.TestCases.TC001_Get_All_Employees"/>
  <testcase name="checkcontentEncoding" time="0.002" classname="com.TestCases.TC001_Get_All_Employees"/>
  <testcase name="checkserverType" time="0.01" classname="com.TestCases.TC001_Get_All_Employees"/>
  <testcase name="checkstatusLine" time="0.002" classname="com.TestCases.TC001_Get_All_Employees"/>
  <testcase name="checkContentLenght" time="0.001" classname="com.TestCases.TC002_Get_Single_Employee_Record"/>
  <testcase name="checkContentType" time="0.001" classname="com.TestCases.TC002_Get_Single_Employee_Record"/>
  <testcase name="checkResponseTime" time="0.001" classname="com.TestCases.TC002_Get_Single_Employee_Record"/>
  <testcase name="checkResposeBody" time="0.001" classname="com.TestCases.TC002_Get_Single_Employee_Record">
    <failure type="java.lang.AssertionError" message="expected [true] but found [false]">
      <![CDATA[java.lang.AssertionError: expected [true] but found [false]
at com.TestCases.TC002_Get_Single_Employee_Record.checkResposeBody(TC002_Get_Single_Employee_Record.java:51)
... Removed 31 stack frames]]>
    </failure>
  </testcase> <!-- checkResposeBody -->
  <testcase name="checkStatusCode" time="0.001" classname="com.TestCases.TC002_Get_Single_Employee_Record"/>
  <testcase name="checkserverType" time="0.0" classname="com.TestCases.TC002_Get_Single_Employee_Record"/>
  <testcase name="checkstatusLine" time="0.0" classname="com.TestCases.TC002_Get_Single_Employee_Record"/>
  <testcase name="checkContentType" time="0.003" classname="com.TestCases.TC003_Post_Employee_Record"/>
  <testcase name="checkResposeBody" time="0.004" classname="com.TestCases.TC003_Post_Employee_Record"/>
  <testcase name="checkStatusCode" time="0.003" classname="com.TestCases.TC003_Post_Employee_Record"/>
  <testcase name="checkcontentEncoding" time="0.001" classname="com.TestCases.TC003_Post_Employee_Record"/>
  <testcase name="checkserverType" time="0.001" classname="com.TestCases.TC003_Post_Employee_Record"/>
  <testcase name="checkstatusLine" time="0.004" classname="com.TestCases.TC003_Post_Employee_Record"/>
  <testcase name="checkContentType" time="0.003" classname="com.TestCases.TC004_Put_Employee_Record"/>
  <testcase name="checkResposeBody" time="0.004" classname="com.TestCases.TC004_Put_Employee_Record"/>
  <testcase name="checkStatusCode" time="0.013" classname="com.TestCases.TC004_Put_Employee_Record"/>
  <testcase name="checkcontentEncoding" time="0.002" classname="com.TestCases.TC004_Put_Employee_Record"/>
  <testcase name="checkserverType" time="0.001" classname="com.TestCases.TC004_Put_Employee_Record"/>
  <testcase name="checkstatusLine" time="0.002" classname="com.TestCases.TC004_Put_Employee_Record"/>
  <testcase name="checkContentType" time="0.003" classname="com.TestCases.TC005_Delete_Employee_Record"/>
  <testcase name="checkResposeBody" time="0.005" classname="com.TestCases.TC005_Delete_Employee_Record"/>
  <testcase name="checkStatusCode" time="0.002" classname="com.TestCases.TC005_Delete_Employee_Record"/>
  <testcase name="checkcontentEncoding" time="0.002" classname="com.TestCases.TC005_Delete_Employee_Record"/>
  <testcase name="checkserverType" time="0.002" classname="com.TestCases.TC005_Delete_Employee_Record"/>
  <testcase name="checkstatusLine" time="0.001" classname="com.TestCases.TC005_Delete_Employee_Record"/>
</testsuite> <!-- EmployeesRestAPITest -->
